{
  "RSpec": {
    "coverage": {
      "/Users/Yevhenii_Khlopin/workspace/banking-app/spec/controllers/bank_accounts_controller_spec.rb": {
        "lines": [
          null,
          null,
          1,
          null,
          1,
          1,
          null,
          4,
          4,
          null,
          1,
          3,
          3,
          null,
          null,
          1,
          1,
          1,
          1,
          1,
          null,
          null,
          1,
          1,
          1,
          null,
          null,
          1,
          1,
          1,
          null,
          null,
          null,
          null
        ]
      },
      "/Users/Yevhenii_Khlopin/workspace/banking-app/spec/rails_helper.rb": {
        "lines": [
          null,
          1,
          1,
          1,
          null,
          1,
          1,
          null,
          null,
          null,
          null,
          null,
          null,
          null,
          null,
          null,
          null,
          null,
          null,
          null,
          null,
          null,
          null,
          null,
          null,
          null,
          null,
          1,
          null,
          0,
          0,
          null,
          1,
          null,
          1,
          null,
          null,
          null,
          null,
          1,
          null,
          null,
          null,
          null,
          null,
          null,
          null,
          null,
          null,
          null,
          null,
          null,
          null,
          null,
          null,
          null,
          null,
          1,
          null,
          null,
          1,
          null,
          null,
          null,
          1,
          null
        ]
      },
      "/Users/Yevhenii_Khlopin/workspace/banking-app/config/environment.rb": {
        "lines": [
          null,
          1,
          null,
          null,
          1
        ]
      },
      "/Users/Yevhenii_Khlopin/workspace/banking-app/config/application.rb": {
        "lines": [
          1,
          null,
          1,
          null,
          null,
          null,
          1,
          null,
          1,
          1,
          null,
          1,
          null,
          null,
          null,
          null,
          1,
          null,
          null,
          null,
          null,
          null,
          null,
          null,
          null,
          null,
          null
        ]
      },
      "/Users/Yevhenii_Khlopin/workspace/banking-app/config/boot.rb": {
        "lines": [
          1,
          null,
          1,
          1
        ]
      },
      "/Users/Yevhenii_Khlopin/workspace/banking-app/config/environments/test.rb": {
        "lines": [
          1,
          null,
          null,
          null,
          null,
          null,
          null,
          1,
          null,
          null,
          null,
          1,
          null,
          null,
          null,
          null,
          null,
          1,
          null,
          null,
          1,
          1,
          null,
          null,
          null,
          null,
          1,
          1,
          1,
          null,
          null,
          1,
          null,
          null,
          1,
          null,
          null,
          1,
          null,
          1,
          null,
          null,
          null,
          null,
          1,
          null,
          null,
          1,
          null,
          null,
          1,
          null,
          null,
          1,
          null,
          null,
          null,
          null,
          null,
          null,
          null,
          null,
          1,
          null
        ]
      },
      "/Users/Yevhenii_Khlopin/workspace/banking-app/config/initializers/assets.rb": {
        "lines": [
          null,
          null,
          null,
          1,
          null,
          null,
          null,
          null,
          null,
          null,
          null,
          null
        ]
      },
      "/Users/Yevhenii_Khlopin/workspace/banking-app/config/initializers/content_security_policy.rb": {
        "lines": [
          null,
          null,
          null,
          null,
          null,
          null,
          null,
          null,
          null,
          null,
          null,
          null,
          null,
          null,
          null,
          null,
          null,
          null,
          null,
          null,
          null,
          null,
          null,
          null,
          null
        ]
      },
      "/Users/Yevhenii_Khlopin/workspace/banking-app/config/initializers/filter_parameter_logging.rb": {
        "lines": [
          null,
          null,
          null,
          null,
          null,
          1,
          null,
          null
        ]
      },
      "/Users/Yevhenii_Khlopin/workspace/banking-app/config/initializers/inflections.rb": {
        "lines": [
          null,
          null,
          null,
          null,
          null,
          null,
          null,
          null,
          null,
          null,
          null,
          null,
          null,
          null,
          null,
          null
        ]
      },
      "/Users/Yevhenii_Khlopin/workspace/banking-app/config/initializers/permissions_policy.rb": {
        "lines": [
          null,
          null,
          null,
          null,
          null,
          null,
          null,
          null,
          null,
          null,
          null,
          null,
          null
        ]
      },
      "/Users/Yevhenii_Khlopin/workspace/banking-app/spec/factories/bank_accounts.rb": {
        "lines": [
          null,
          null,
          null,
          null,
          null,
          null,
          null,
          null,
          null,
          null,
          null,
          null,
          1,
          1,
          1,
          25,
          4,
          25,
          null,
          null
        ]
      },
      "/Users/Yevhenii_Khlopin/workspace/banking-app/spec/factories/bank_transactions.rb": {
        "lines": [
          null,
          null,
          null,
          null,
          null,
          null,
          null,
          null,
          null,
          null,
          null,
          null,
          null,
          null,
          null,
          1,
          1,
          1,
          1,
          1,
          1,
          1,
          1,
          1,
          null,
          null
        ]
      },
      "/Users/Yevhenii_Khlopin/workspace/banking-app/spec/factories/users.rb": {
        "lines": [
          null,
          null,
          null,
          null,
          null,
          null,
          null,
          null,
          null,
          null,
          null,
          null,
          null,
          null,
          1,
          1,
          32,
          32,
          27,
          32,
          null,
          null
        ]
      },
      "/Users/Yevhenii_Khlopin/workspace/banking-app/config/routes.rb": {
        "lines": [
          1,
          1,
          null,
          1,
          1,
          null,
          1,
          1,
          1,
          null
        ]
      },
      "/Users/Yevhenii_Khlopin/workspace/banking-app/app/helpers/application_helper.rb": {
        "lines": [
          1,
          null
        ]
      },
      "/Users/Yevhenii_Khlopin/workspace/banking-app/app/helpers/bank_accounts_helper.rb": {
        "lines": [
          1,
          1,
          5,
          5,
          1,
          null,
          null,
          null,
          1,
          5,
          4,
          null,
          null,
          null,
          1,
          5,
          null,
          null
        ]
      },
      "/Users/Yevhenii_Khlopin/workspace/banking-app/app/helpers/bank_transactions_helper.rb": {
        "lines": [
          1,
          null
        ]
      },
      "/Users/Yevhenii_Khlopin/workspace/banking-app/app/helpers/flash_helper.rb": {
        "lines": [
          1,
          1,
          3,
          null,
          2,
          null,
          null
        ]
      },
      "/Users/Yevhenii_Khlopin/workspace/banking-app/app/helpers/home_helper.rb": {
        "lines": [
          1,
          null
        ]
      },
      "/Users/Yevhenii_Khlopin/workspace/banking-app/app/helpers/sessions_helper.rb": {
        "lines": [
          1,
          null
        ]
      },
      "/Users/Yevhenii_Khlopin/workspace/banking-app/app/controllers/bank_accounts_controller.rb": {
        "lines": [
          1,
          1,
          1,
          3,
          3,
          3,
          null,
          null
        ]
      },
      "/Users/Yevhenii_Khlopin/workspace/banking-app/app/controllers/application_controller.rb": {
        "lines": [
          1,
          1,
          null,
          1,
          13,
          null,
          null,
          1,
          11,
          null,
          null,
          1,
          1,
          null,
          null
        ]
      },
      "/Users/Yevhenii_Khlopin/workspace/banking-app/spec/controllers/bank_transactions_controller_spec.rb": {
        "lines": [
          null,
          null,
          1,
          null,
          1,
          1,
          null,
          3,
          3,
          3,
          null,
          1,
          2,
          2,
          null,
          null,
          1,
          1,
          1,
          1,
          null,
          1,
          1,
          1,
          1,
          null,
          null,
          null,
          1,
          1,
          1,
          null,
          null,
          1,
          1,
          null,
          1,
          1,
          null,
          null,
          null,
          null
        ]
      },
      "/Users/Yevhenii_Khlopin/workspace/banking-app/app/controllers/bank_transactions_controller.rb": {
        "lines": [
          1,
          1,
          null,
          1,
          2,
          null,
          2,
          1,
          null,
          1,
          null,
          null,
          null,
          1,
          null,
          1,
          2,
          2,
          2,
          null,
          2,
          null,
          null,
          null,
          null,
          null,
          null,
          1,
          1,
          1,
          null,
          1,
          2,
          null,
          null,
          null,
          1,
          1,
          1,
          1,
          1,
          null,
          null,
          null,
          null
        ]
      },
      "/Users/Yevhenii_Khlopin/workspace/banking-app/spec/controllers/sessions_controller_spec.rb": {
        "lines": [
          null,
          null,
          1,
          null,
          1,
          1,
          null,
          5,
          null,
          1,
          1,
          2,
          null,
          1,
          1,
          1,
          null,
          null,
          null,
          1,
          1,
          1,
          1,
          null,
          null,
          null,
          null,
          1,
          1,
          1,
          1,
          1,
          1,
          null,
          null,
          null,
          1,
          1,
          1,
          1,
          1,
          1,
          null,
          null,
          null,
          null,
          1,
          2,
          null,
          1,
          1,
          1,
          1,
          null,
          null,
          null
        ]
      },
      "/Users/Yevhenii_Khlopin/workspace/banking-app/app/controllers/sessions_controller.rb": {
        "lines": [
          1,
          1,
          5,
          null,
          null,
          1,
          4,
          null,
          4,
          2,
          2,
          null,
          2,
          null,
          null,
          null,
          1,
          1,
          1,
          null,
          null
        ]
      },
      "/Users/Yevhenii_Khlopin/workspace/banking-app/spec/features/user_login_spec.rb": {
        "lines": [
          1,
          null,
          1,
          2,
          null,
          1,
          1,
          null,
          1,
          1,
          1,
          null,
          1,
          1,
          1,
          null,
          1,
          1,
          null,
          null,
          1,
          1,
          null,
          1,
          1,
          1,
          null,
          1,
          1,
          null,
          null
        ]
      },
      "/Users/Yevhenii_Khlopin/workspace/banking-app/spec/models/bank_account_spec.rb": {
        "lines": [
          null,
          null,
          null,
          null,
          null,
          null,
          null,
          null,
          null,
          null,
          null,
          null,
          1,
          null,
          1,
          1,
          3,
          null,
          1,
          null,
          1,
          1,
          1,
          null,
          null,
          1,
          1,
          1,
          null,
          1,
          1,
          null,
          null,
          null
        ]
      },
      "/Users/Yevhenii_Khlopin/workspace/banking-app/app/models/bank_account.rb": {
        "lines": [
          null,
          null,
          null,
          null,
          null,
          null,
          null,
          null,
          null,
          null,
          null,
          null,
          1,
          1,
          1,
          null,
          1,
          null,
          1,
          null,
          null,
          1,
          27,
          null,
          3,
          51,
          3,
          null,
          null,
          null
        ]
      },
      "/Users/Yevhenii_Khlopin/workspace/banking-app/app/models/application_record.rb": {
        "lines": [
          1,
          1,
          null,
          null,
          null,
          1,
          null,
          1,
          null,
          1,
          82,
          82,
          null,
          82,
          82,
          0,
          null,
          null,
          null,
          1,
          82,
          82,
          null,
          82,
          null,
          null
        ]
      },
      "/Users/Yevhenii_Khlopin/workspace/banking-app/spec/schemas/bank_account_schema_spec.rb": {
        "lines": [
          1,
          null,
          1,
          1,
          null,
          5,
          null,
          null,
          null,
          null,
          null,
          1,
          1,
          1,
          1,
          1,
          null,
          null,
          null,
          1,
          1,
          1,
          1,
          null,
          1,
          1,
          null,
          null,
          1,
          1,
          1,
          null,
          1,
          1,
          null,
          null,
          1,
          1,
          1,
          null,
          1,
          1,
          null,
          null,
          1,
          1,
          1,
          null,
          1,
          1,
          null,
          null,
          null
        ]
      },
      "/Users/Yevhenii_Khlopin/workspace/banking-app/app/schemas/bank_account_schema.rb": {
        "lines": [
          1,
          1,
          1,
          1,
          1,
          null,
          null,
          1,
          43,
          null,
          null
        ]
      },
      "/Users/Yevhenii_Khlopin/workspace/banking-app/app/schemas/application_schema.rb": {
        "lines": [
          1,
          null,
          1,
          null
        ]
      },
      "/Users/Yevhenii_Khlopin/workspace/banking-app/spec/schemas/bank_transaction_schema_spec.rb": {
        "lines": [
          1,
          null,
          1,
          1,
          null,
          6,
          null,
          null,
          null,
          null,
          null,
          null,
          null,
          null,
          null,
          null,
          1,
          1,
          1,
          1,
          1,
          null,
          null,
          null,
          1,
          1,
          1,
          1,
          null,
          1,
          1,
          null,
          null,
          1,
          1,
          1,
          null,
          1,
          1,
          null,
          null,
          1,
          1,
          1,
          null,
          1,
          1,
          null,
          null,
          1,
          1,
          1,
          null,
          1,
          1,
          null,
          null,
          1,
          1,
          1,
          null,
          1,
          1,
          null,
          null,
          null
        ]
      },
      "/Users/Yevhenii_Khlopin/workspace/banking-app/app/schemas/bank_transaction_schema.rb": {
        "lines": [
          1,
          1,
          1,
          1,
          1,
          1,
          1,
          1,
          1,
          null,
          null,
          null,
          1,
          18,
          18,
          null,
          null,
          1,
          17,
          null,
          null,
          null,
          1,
          18,
          null,
          null
        ]
      },
      "/Users/Yevhenii_Khlopin/workspace/banking-app/spec/schemas/user_schema_spec.rb": {
        "lines": [
          1,
          null,
          1,
          1,
          null,
          5,
          null,
          null,
          null,
          null,
          null,
          null,
          1,
          1,
          1,
          1,
          1,
          null,
          null,
          null,
          1,
          1,
          1,
          1,
          null,
          1,
          1,
          null,
          null,
          1,
          1,
          1,
          null,
          1,
          1,
          null,
          null,
          1,
          1,
          1,
          null,
          1,
          1,
          null,
          null,
          1,
          1,
          1,
          null,
          1,
          1,
          null,
          null,
          null
        ]
      },
      "/Users/Yevhenii_Khlopin/workspace/banking-app/app/schemas/user_schema.rb": {
        "lines": [
          1,
          1,
          1,
          1,
          1,
          1,
          null,
          null
        ]
      },
      "/Users/Yevhenii_Khlopin/workspace/banking-app/spec/services/transaction/create_transaction_service_spec.rb": {
        "lines": [
          1,
          null,
          1,
          6,
          6,
          5,
          1,
          null,
          1,
          5,
          null,
          null,
          null,
          null,
          null,
          null,
          1,
          1,
          3,
          null,
          1,
          1,
          1,
          null,
          null,
          1,
          1,
          1,
          1,
          1,
          null,
          null,
          null,
          1,
          2,
          2,
          null,
          1,
          1,
          1,
          1,
          null,
          null,
          null,
          null,
          1,
          3,
          null,
          1,
          1,
          1,
          null,
          null,
          1,
          1,
          1,
          1,
          1,
          null,
          null,
          null
        ]
      },
      "/Users/Yevhenii_Khlopin/workspace/banking-app/app/services/transaction/create_transaction_service.rb": {
        "lines": [
          null,
          null,
          1,
          null,
          null,
          null,
          null,
          null,
          null,
          1,
          1,
          null,
          1,
          null,
          1,
          15,
          15,
          15,
          15,
          null,
          null,
          1,
          15,
          15,
          12,
          12,
          12,
          null,
          null,
          null,
          1,
          null,
          1,
          null,
          15,
          9,
          null,
          3,
          3,
          3,
          null,
          null,
          1,
          12,
          12,
          null,
          null,
          1,
          12,
          null,
          null,
          null,
          null,
          null,
          12,
          null,
          null,
          null
        ]
      },
      "/Users/Yevhenii_Khlopin/workspace/banking-app/spec/services/transaction/transfer_service_spec.rb": {
        "lines": [
          null,
          1,
          null,
          1,
          7,
          7,
          7,
          7,
          5,
          null,
          1,
          6,
          null,
          null,
          null,
          null,
          null,
          null,
          1,
          1,
          4,
          null,
          null,
          1,
          4,
          null,
          null,
          1,
          1,
          null,
          null,
          null,
          1,
          3,
          null,
          1,
          1,
          1,
          1,
          null,
          null,
          1,
          1,
          1,
          null,
          null,
          null,
          1,
          1,
          1,
          null,
          null,
          null,
          null,
          1,
          1,
          1,
          null,
          null,
          null
        ]
      },
      "/Users/Yevhenii_Khlopin/workspace/banking-app/app/services/transaction/transfer_service.rb": {
        "lines": [
          null,
          null,
          1,
          null,
          null,
          null,
          null,
          null,
          1,
          1,
          null,
          1,
          null,
          1,
          7,
          7,
          7,
          null,
          null,
          1,
          7,
          7,
          null,
          7,
          7,
          4,
          null,
          null,
          null,
          1,
          null,
          1,
          11,
          null,
          11,
          null,
          null,
          1,
          3,
          3,
          3,
          null,
          null,
          null
        ]
      },
      "/Users/Yevhenii_Khlopin/workspace/banking-app/app/models/user.rb": {
        "lines": [
          null,
          null,
          null,
          null,
          null,
          null,
          null,
          null,
          null,
          null,
          null,
          null,
          1,
          1,
          null,
          1,
          1,
          null,
          1,
          null,
          1,
          2,
          null,
          null
        ]
      },
      "/Users/Yevhenii_Khlopin/workspace/banking-app/app/models/bank_transaction.rb": {
        "lines": [
          null,
          null,
          null,
          null,
          null,
          null,
          null,
          null,
          null,
          null,
          null,
          null,
          null,
          null,
          null,
          1,
          1,
          1,
          null,
          1,
          null,
          1,
          null,
          1,
          0,
          null,
          null,
          1,
          29,
          null,
          null,
          1,
          null,
          1,
          12,
          null,
          null
        ]
      },
      "/Users/Yevhenii_Khlopin/workspace/banking-app/app/controllers/home_controller.rb": {
        "lines": [
          1,
          1,
          null,
          1,
          1,
          1,
          null,
          null
        ]
      }
    },
    "timestamp": 1729257338
  }
}
